2011-02-14 09:30:32 - 22763033 - INFO: --------
2011-02-14 09:30:32 - 22763033 - FATAL: Cannot establish database connection! Can't connect to local MySQL server through socket '/var/run/mysqld/mysqld.sock' (2)
2011-02-14 09:30:35 - 39924879 - INFO: --------
2011-02-14 09:30:35 - 39924879 - FATAL: Cannot establish database connection! Can't connect to local MySQL server through socket '/var/run/mysqld/mysqld.sock' (2)
2011-02-14 09:30:36 - 51583882 - INFO: --------
2011-02-14 09:30:36 - 51583882 - FATAL: Cannot establish database connection! Can't connect to local MySQL server through socket '/var/run/mysqld/mysqld.sock' (2)
2011-02-14 09:31:42 - 62472129 - INFO: --------
2011-02-14 09:31:42 - 62472129 - INFO: user is NOT logged in
2011-02-14 09:31:42 - 62472129 - DEBUG: select count(*) as cnt from pp_audio_track t where 1=1 and t.visibility = "public" and t.status = "active"
2011-02-14 09:31:42 - 62472129 - FATAL: SQL operation failed: No database selected
2011-02-14 10:27:39 - 36603830 - INFO: --------
2011-02-14 10:27:39 - 36603830 - INFO: user is NOT logged in
2011-02-14 10:27:39 - 36603830 - DEBUG: select count(*) as cnt from pp_audio_track t where 1=1 and t.visibility = "public" and t.status = "active"
2011-02-14 10:27:39 - 36603830 - FATAL: SQL operation failed: No database selected
2011-02-14 10:35:04 - 31838591 - INFO: --------
2011-02-14 10:35:04 - 31838591 - INFO: user is NOT logged in
2011-02-14 10:35:04 - 31838591 - DEBUG: select count(*) as cnt from pp_audio_track t where 1=1 and t.visibility = "public" and t.status = "active"
2011-02-14 10:35:04 - 31838591 - FATAL: SQL operation failed: No database selected
2011-02-14 10:35:06 - 33969794 - INFO: --------
2011-02-14 10:35:06 - 33969794 - INFO: user is NOT logged in
2011-02-14 10:35:06 - 33969794 - DEBUG: select count(*) as cnt from pp_audio_track t where 1=1 and t.visibility = "public" and t.status = "active"
2011-02-14 10:35:06 - 33969794 - FATAL: SQL operation failed: No database selected
