<<<<<<< HEAD:Site/C:\xampp\htdocs\notethrower\Log\20110213-index.log
2011-02-13 11:16:07 - 59745459 - INFO: --------
2011-02-13 11:16:07 - 59745459 - FATAL: Cannot establish database connection! Can't connect to local MySQL server through socket '/var/run/mysqld/mysqld.sock' (2)
=======
2011-02-13 10:27:21 - 63695730 - INFO: --------
2011-02-13 10:27:21 - 63695730 - FATAL: Cannot establish database connection! Access denied for user 'root'@'localhost' (using password: NO)
2011-02-13 10:29:44 - 95949172 - INFO: --------
2011-02-13 10:29:44 - 95949172 - FATAL: Cannot establish database connection! Access denied for user 'root'@'localhost' (using password: NO)
2011-02-13 10:29:48 - 32433062 - INFO: --------
2011-02-13 10:29:48 - 32433062 - FATAL: Cannot establish database connection! Access denied for user 'root'@'localhost' (using password: NO)
2011-02-13 10:29:49 - 11410523 - INFO: --------
2011-02-13 10:29:49 - 11410523 - FATAL: Cannot establish database connection! Access denied for user 'root'@'localhost' (using password: NO)
2011-02-13 10:29:49 - 55495115 - INFO: --------
2011-02-13 10:29:49 - 55495115 - FATAL: Cannot establish database connection! Access denied for user 'root'@'localhost' (using password: NO)
2011-02-13 10:29:49 - 90997354 - INFO: --------
2011-02-13 10:29:49 - 90997354 - FATAL: Cannot establish database connection! Access denied for user 'root'@'localhost' (using password: NO)
2011-02-13 10:29:50 - 23638942 - INFO: --------
2011-02-13 10:29:50 - 23638942 - FATAL: Cannot establish database connection! Access denied for user 'root'@'localhost' (using password: NO)
2011-02-13 10:29:50 - 43754301 - INFO: --------
2011-02-13 10:29:50 - 43754301 - FATAL: Cannot establish database connection! Access denied for user 'root'@'localhost' (using password: NO)
2011-02-13 10:29:50 - 25227147 - INFO: --------
2011-02-13 10:29:50 - 25227147 - FATAL: Cannot establish database connection! Access denied for user 'root'@'localhost' (using password: NO)
2011-02-13 10:29:51 - 26911382 - INFO: --------
2011-02-13 10:29:51 - 26911382 - FATAL: Cannot establish database connection! Access denied for user 'root'@'localhost' (using password: NO)
2011-02-13 10:29:51 - 18260488 - INFO: --------
2011-02-13 10:29:51 - 18260488 - FATAL: Cannot establish database connection! Access denied for user 'root'@'localhost' (using password: NO)
2011-02-13 10:29:51 - 13923735 - INFO: --------
2011-02-13 10:29:51 - 13923735 - FATAL: Cannot establish database connection! Access denied for user 'root'@'localhost' (using password: NO)
2011-02-13 10:29:52 - 52782531 - INFO: --------
2011-02-13 10:29:52 - 52782531 - FATAL: Cannot establish database connection! Access denied for user 'root'@'localhost' (using password: NO)
2011-02-13 10:29:52 - 49411496 - INFO: --------
2011-02-13 10:29:52 - 49411496 - FATAL: Cannot establish database connection! Access denied for user 'root'@'localhost' (using password: NO)
2011-02-13 10:29:52 - 10431166 - INFO: --------
2011-02-13 10:29:52 - 10431166 - FATAL: Cannot establish database connection! Access denied for user 'root'@'localhost' (using password: NO)
2011-02-13 10:29:52 - 19411818 - INFO: --------
2011-02-13 10:29:52 - 19411818 - FATAL: Cannot establish database connection! Access denied for user 'root'@'localhost' (using password: NO)
>>>>>>> fa3739d64d52355d4454372dd9c943134fa1eef3:Site/C:\xampp\htdocs\notethrower\Log\20110213-index.log
